<?xml version="1.0" encoding="UTF-8"?>
<testsuite name="br.edu.unifalmg.service.ChoreServiceTest" tests="1" skipped="0" failures="0" errors="0" timestamp="2023-09-27T12:25:32" hostname="alicia-nitro" time="0.054">
  <properties/>
  <testcase name="#addChore &gt; When adding more than one chore" classname="br.edu.unifalmg.service.ChoreServiceTest" time="0.054"/>
  <system-out><![CDATA[]]></system-out>
  <system-err><![CDATA[]]></system-err>
</testsuite>
